<?xml version="1.0" encoding="UTF-8"?>
<!-- Generated by org.testng.reporters.JUnitXMLReporter -->
<testsuite hostname="DESKTOP-7H6C2GA" name="Module 1" tests="1" failures="0" timestamp="16 Apr 2020 12:50:45 GMT" time="0.019" errors="0">
  <testcase name="@BeforeSuite beforeSuite" time="0.0" classname="test.AmazonTest">
    <failure type="java.lang.NullPointerException">
      <![CDATA[java.lang.NullPointerException
	at core.BaseTestCase.startAppium(BaseTestCase.java:138)
	at core.BaseTestCase.beforeSuite(BaseTestCase.java:151)
... Removed 18 stack frames]]>
    </failure>
  </testcase> <!-- @BeforeSuite beforeSuite -->
  <testcase name="@BeforeMethod beforeMethod" time="0.0" classname="test.AmazonTest">
    <skipped/>
  </testcase> <!-- @BeforeMethod beforeMethod -->
  <testcase name="@AfterMethod afterMethod" time="0.0" classname="test.AmazonTest">
    <skipped/>
  </testcase> <!-- @AfterMethod afterMethod -->
  <testcase name="testSearchAndCompare" time="0.001" classname="test.AmazonTest">
    <skipped/>
  </testcase> <!-- testSearchAndCompare -->
</testsuite> <!-- Module 1 -->
