<?xml version="1.0" encoding="UTF-8"?>
<testng-results skipped="1" failed="0" total="1" passed="0">
  <reporter-output>
  </reporter-output>
  <suite name="Default suite" duration-ms="21" started-at="2020-04-16T13:28:52Z" finished-at="2020-04-16T13:28:52Z">
    <groups>
    </groups>
    <test name="Default test" duration-ms="21" started-at="2020-04-16T13:28:52Z" finished-at="2020-04-16T13:28:52Z">
      <class name="test.AmazonTest">
        <test-method status="FAIL" signature="beforeSuite(org.testng.ITestContext)[pri:0, instance:test.AmazonTest@475530b9]" name="beforeSuite" is-config="true" duration-ms="0" started-at="2020-04-16T18:57:12Z" finished-at="2020-04-16T18:57:12Z">
          <params>
            <param index="0">
              <value>
                <![CDATA[org.testng.TestRunner@223aa2f7]]>
              </value>
            </param>
          </params>
          <exception class="java.lang.NullPointerException">
            <full-stacktrace>
              <![CDATA[java.lang.NullPointerException
	at core.BaseTestCase.startAppium(BaseTestCase.java:138)
	at core.BaseTestCase.beforeSuite(BaseTestCase.java:151)
	at sun.reflect.NativeMethodAccessorImpl.invoke0(Native Method)
	at sun.reflect.NativeMethodAccessorImpl.invoke(Unknown Source)
	at sun.reflect.DelegatingMethodAccessorImpl.invoke(Unknown Source)
	at java.lang.reflect.Method.invoke(Unknown Source)
	at org.testng.internal.MethodInvocationHelper.invokeMethod(MethodInvocationHelper.java:85)
	at org.testng.internal.Invoker.invokeConfigurationMethod(Invoker.java:521)
	at org.testng.internal.Invoker.invokeConfigurations(Invoker.java:213)
	at org.testng.internal.Invoker.invokeConfigurations(Invoker.java:140)
	at org.testng.SuiteRunner.privateRun(SuiteRunner.java:296)
	at org.testng.SuiteRunner.run(SuiteRunner.java:259)
	at org.testng.SuiteRunnerWorker.runSuite(SuiteRunnerWorker.java:52)
	at org.testng.SuiteRunnerWorker.run(SuiteRunnerWorker.java:86)
	at org.testng.TestNG.runSuitesSequentially(TestNG.java:1200)
	at org.testng.TestNG.runSuitesLocally(TestNG.java:1125)
	at org.testng.TestNG.run(TestNG.java:1033)
	at org.testng.remote.RemoteTestNG.run(RemoteTestNG.java:111)
	at org.testng.remote.RemoteTestNG.initAndRun(RemoteTestNG.java:204)
	at org.testng.remote.RemoteTestNG.main(RemoteTestNG.java:175)
]]>
            </full-stacktrace>
          </exception> <!-- java.lang.NullPointerException -->
          <reporter-output>
          </reporter-output>
        </test-method> <!-- beforeSuite -->
        <test-method status="SKIP" signature="beforeMethod(org.testng.ITestContext, java.lang.reflect.Method)[pri:0, instance:test.AmazonTest@475530b9]" name="beforeMethod" is-config="true" duration-ms="0" started-at="2020-04-16T18:58:52Z" finished-at="2020-04-16T18:58:52Z">
          <reporter-output>
          </reporter-output>
        </test-method> <!-- beforeMethod -->
        <test-method status="SKIP" signature="testSearchAndCompare()[pri:0, instance:test.AmazonTest@475530b9]" name="testSearchAndCompare" duration-ms="2" started-at="2020-04-16T18:58:52Z" finished-at="2020-04-16T18:58:52Z">
          <reporter-output>
          </reporter-output>
        </test-method> <!-- testSearchAndCompare -->
        <test-method status="SKIP" signature="afterMethod(org.testng.ITestResult)[pri:0, instance:test.AmazonTest@475530b9]" name="afterMethod" is-config="true" duration-ms="0" started-at="2020-04-16T18:58:52Z" finished-at="2020-04-16T18:58:52Z">
          <reporter-output>
          </reporter-output>
        </test-method> <!-- afterMethod -->
        <test-method status="SKIP" signature="afterSuite(org.testng.ITestContext)[pri:0, instance:test.AmazonTest@475530b9]" name="afterSuite" is-config="true" duration-ms="0" started-at="2020-04-16T18:58:52Z" finished-at="2020-04-16T18:58:52Z">
          <reporter-output>
          </reporter-output>
        </test-method> <!-- afterSuite -->
      </class> <!-- test.AmazonTest -->
    </test> <!-- Default test -->
  </suite> <!-- Default suite -->
</testng-results>
